<?xml version="1.0" encoding="UTF-8"?>
<testng-results skipped="0" failed="0" ignored="0" total="1" passed="1">
  <reporter-output>
  </reporter-output>
  <suite name="Default suite" duration-ms="29243" started-at="2018-06-28T16:19:17Z" finished-at="2018-06-28T16:19:46Z">
    <groups>
    </groups>
    <test name="Default test" duration-ms="29243" started-at="2018-06-28T16:19:17Z" finished-at="2018-06-28T16:19:46Z">
      <class name="porscheTesting.PorscheTesting">
        <test-method status="PASS" signature="setUp()[pri:0, instance:porscheTesting.PorscheTesting@57baeedf]" name="setUp" is-config="true" duration-ms="9539" started-at="2018-06-28T16:19:17Z" finished-at="2018-06-28T16:19:26Z">
          <reporter-output>
          </reporter-output>
        </test-method> <!-- setUp -->
        <test-method status="PASS" signature="buyingPorsche()[pri:0, instance:porscheTesting.PorscheTesting@57baeedf]" name="buyingPorsche" duration-ms="19674" started-at="2018-06-28T16:19:26Z" finished-at="2018-06-28T16:19:46Z">
          <reporter-output>
          </reporter-output>
        </test-method> <!-- buyingPorsche -->
      </class> <!-- porscheTesting.PorscheTesting -->
    </test> <!-- Default test -->
  </suite> <!-- Default suite -->
</testng-results>
